/*C3*/SET SCHEMA PUBLIC
CREATE TABLE IF NOT EXISTS User (UserID INTEGER IDENTITY PRIMARY KEY NOT NULL, Firstname VARCHAR(80) NOT NULL, Lastname VARCHAR(80) NOT NULL, Password VARCHAR(80) not null)
CREATE TABLE IF NOT EXISTS Words (WordID INTEGER IDENTITY PRIMARY KEY NOT NULL, Word VARCHAR(80) NOT NULL, Language VARCHAR(80) NOT NULL, UserID INTEGER not null,FOREIGN KEY (UserID) REFERENCES User (UserID) ON DELETE RESTRICT ON UPDATE RESTRICT)
CREATE TABLE IF NOT EXISTS Definition (DefinitionID INTEGER IDENTITY PRIMARY KEY NOT NULL, Definition VARCHAR(80) NOT NULL, WordID INTEGER NOT NULL, Level INTEGER DEFAULT 1, Totalcount INTEGER, Success INTEGER, FOREIGN KEY (WordID) REFERENCES Words (WordID) ON DELETE RESTRICT ON UPDATE RESTRICT, UNIQUE (Definition, WordID))
CREATE TABLE IF NOT EXISTS Translate (WordID1 INTEGER NOT NULL, WordID2 INTEGER NOT NULL, Level INTEGER DEFAULT 1, Totalcount INTEGER, Success INTEGER, PRIMARY KEY(WordID1, WORDID2), FOREIGN KEY (WordID1) REFERENCES Words (WordID) ON DELETE RESTRICT ON UPDATE RESTRICT, FOREIGN KEY (WordID2) REFERENCES Words (WordID) ON DELETE RESTRICT ON UPDATE RESTRICT) 
DELETE FROM TRANSLATE WHERE WORDID1=50 AND WORDID2=51
INSERT INTO TRANSLATE VALUES(50,51,3,NULL,NULL)
COMMIT
DELETE FROM TRANSLATE WHERE WORDID1=52 AND WORDID2=53
INSERT INTO TRANSLATE VALUES(52,53,3,NULL,NULL)
COMMIT
DELETE FROM TRANSLATE WHERE WORDID1=54 AND WORDID2=3
INSERT INTO TRANSLATE VALUES(54,3,3,NULL,NULL)
COMMIT
DELETE FROM TRANSLATE WHERE WORDID1=55 AND WORDID2=56
INSERT INTO TRANSLATE VALUES(55,56,3,NULL,NULL)
COMMIT
DELETE FROM TRANSLATE WHERE WORDID1=50 AND WORDID2=51
INSERT INTO TRANSLATE VALUES(50,51,2,NULL,NULL)
COMMIT
